<?xml version="1.0" encoding="UTF-8"?>
<testng-results ignored="0" total="1" passed="1" failed="0" skipped="0">
  <reporter-output>
  </reporter-output>
  <suite started-at="2023-05-12T15:41:17 IST" name="Default suite" finished-at="2023-05-12T15:41:50 IST" duration-ms="33354">
    <groups>
      <group name="cucumber">
        <method signature="AbstractTestNGCucumberTests.runScenario(io.cucumber.testng.PickleEventWrapper,io.cucumber.testng.CucumberFeatureWrapper)[pri:0, instance:runner.HomePageRunner@2ed2d9cb]" name="runScenario" class="io.cucumber.testng.AbstractTestNGCucumberTests"/>
      </group> <!-- cucumber -->
    </groups>
    <test started-at="2023-05-12T15:41:17 IST" name="Default test" finished-at="2023-05-12T15:41:50 IST" duration-ms="33354">
      <class name="runner.HomePageRunner">
        <test-method is-config="true" signature="setUpClass()[pri:0, instance:runner.HomePageRunner@2ed2d9cb]" started-at="2023-05-12T15:41:17 IST" name="setUpClass" finished-at="2023-05-12T15:41:17 IST" duration-ms="314" status="PASS">
          <reporter-output>
          </reporter-output>
        </test-method> <!-- setUpClass -->
        <test-method is-config="true" signature="before()[pri:0, instance:runner.HomePageRunner@2ed2d9cb]" started-at="2023-05-12T15:41:17 IST" name="before" finished-at="2023-05-12T15:41:17 IST" duration-ms="1" status="PASS">
          <reporter-output>
          </reporter-output>
        </test-method> <!-- before -->
        <test-method signature="runScenario(io.cucumber.testng.PickleEventWrapper,io.cucumber.testng.CucumberFeatureWrapper)[pri:0, instance:runner.HomePageRunner@2ed2d9cb]" started-at="2023-05-12T15:41:17 IST" name="runScenario" description="Runs Cucumber Scenarios" data-provider="scenarios" finished-at="2023-05-12T15:41:49 IST" duration-ms="31916" status="PASS">
          <params>
            <param index="0">
              <value>
                <![CDATA["SEmentor Home page verification"]]>
              </value>
            </param>
            <param index="1">
              <value>
                <![CDATA["Home Page Verifications"]]>
              </value>
            </param>
          </params>
          <reporter-output>
          </reporter-output>
        </test-method> <!-- runScenario -->
        <test-method is-config="true" signature="after()[pri:0, instance:runner.HomePageRunner@2ed2d9cb]" started-at="2023-05-12T15:41:49 IST" name="after" finished-at="2023-05-12T15:41:49 IST" duration-ms="1" status="PASS">
          <reporter-output>
          </reporter-output>
        </test-method> <!-- after -->
        <test-method is-config="true" signature="tearDownClass()[pri:0, instance:runner.HomePageRunner@2ed2d9cb]" started-at="2023-05-12T15:41:49 IST" name="tearDownClass" finished-at="2023-05-12T15:41:50 IST" duration-ms="805" status="PASS">
          <reporter-output>
          </reporter-output>
        </test-method> <!-- tearDownClass -->
      </class> <!-- runner.HomePageRunner -->
    </test> <!-- Default test -->
  </suite> <!-- Default suite -->
</testng-results>
